make.exe all --print-data-base --no-builtin-variables --no-builtin-rules --question
process_begin: CreateProcess(NULL, uname, ...) failed.
Makefile:3: pipe: No error
make: *** No rule to make target 'all'.  Stop.

# GNU Make 4.3
# Built for Windows32
# Copyright (C) 1988-2020 Free Software Foundation, Inc.
# License GPLv3+: GNU GPL version 3 or later <http://gnu.org/licenses/gpl.html>
# This is free software: you are free to change and redistribute it.
# There is NO WARRANTY, to the extent permitted by law.

# Make data base, printed on Thu Aug 25 16:10:22 2022

# Variables

# environment
FPS_BROWSER_APP_PROFILE_STRING = Internet Explorer
# environment
SYSTEMDRIVE = C:
# environment
LC_ALL = C
# environment
USERPROFILE = C:\Users\poojaghatge
# environment
VBOX_MSI_INSTALL_PATH = C:\Program Files\Oracle\VirtualBox\
# environment
LOCALAPPDATA = C:\Users\poojaghatge\AppData\Local
# environment
VSCODE_IPC_HOOK_EXTHOST = \\.\pipe\vscode-ipc-fc6897fb-137f-4b60-be77-a5fc9495bf4c-sock
# environment
VSCODE_CWD = C:\Users\poojaghatge\AppData\Local\Programs\Microsoft VS Code
# environment
CHOCOLATEYINSTALL = C:\ProgramData\chocolatey
# environment
SYSTEMROOT = C:\Windows
# makefile (from 'Makefile', line 7)
SUBSCRIPTION_ID3 := aeb5b02a-0f18-45a4-86d6-81808115cacf
# environment
PROCESSOR_LEVEL = 6
# environment
PSMODULEPATH = C:\Program Files\WindowsPowerShell\Modules;C:\Windows\system32\WindowsPowerShell\v1.0\Modules;C:\Program Files (x86)\Microsoft Azure Information Protection\Powershell
# default
MAKE_COMMAND := C:/ProgramData/chocolatey/lib/make/tools/install/bin/make.exe
# environment
USERDNSDOMAIN = redmond.corp.microsoft.com
# automatic
@D = $(patsubst %/,%,$(patsubst %\,%,$(dir $@)))
# makefile (from 'Makefile', line 4)
IMAGE_NAME = jammy
# environment
CHROME_CRASHPAD_PIPE_NAME = \\.\pipe\crashpad_8588_XUYIJMFDDHFIEWMG
# environment
ONEDRIVECOMMERCIAL = C:\Users\poojaghatge\OneDrive - Microsoft
# environment
FPS_BROWSER_USER_PROFILE_STRING = Default
# environment
VSCODE_HANDLES_UNCAUGHT_ERRORS = true
# default
.VARIABLES := 
# automatic
%D = $(patsubst %/,%,$(patsubst %\,%,$(dir $%)))
# makefile (from 'Makefile', line 6)
SUBSCRIPTION_ID2 := 7a06e974-7329-4485-87e7-3211b06c15aa
# automatic
^D = $(patsubst %/,%,$(patsubst %\,%,$(dir $^)))
# environment
VSCODE_LOG_STACK = false
# automatic
%F = $(notdir $%)
# environment
VSCODE_CODE_CACHE_PATH = C:\Users\poojaghatge\AppData\Roaming\Code\CachedData\30d9c6cd9483b2cc586687151bcbcd635f373630
# environment
LANG = C
# environment
AZURE_SUBSCRIPTION_ID = 8897e8a2-84e5-44d7-915d-60188052a731
# default
.LOADED := 
# environment
TMP = C:\Users\POOJAG~1\AppData\Local\Temp
# default
.INCLUDE_DIRS = .
# environment
PROCESSOR_ARCHITEW6432 = AMD64
# makefile
MAKEFLAGS = pqrR
# environment
ONEDRIVE = C:\Users\poojaghatge\OneDrive - Microsoft
# environment
INTELLIJ IDEA COMMUNITY EDITION = C:\Program Files\JetBrains\IntelliJ IDEA Community Edition 2022.1.3\bin;
# environment
POWERSHELL_DISTRIBUTION_CHANNEL = MSI:Windows 10 Enterprise
# makefile
CURDIR := d:/jammy
# environment
VSCODE_PIPE_LOGGING = true
# environment
APPLICATION_INSIGHTS_NO_DIAGNOSTIC_CHANNEL = 1
# automatic
*D = $(patsubst %/,%,$(patsubst %\,%,$(dir $*)))
# environment
PROGRAMFILES = C:\Program Files (x86)
# environment
MFLAGS = -pqrR
# default
.SHELLFLAGS := -c
# environment
COMMONPROGRAMW6432 = C:\Program Files\Common Files
# automatic
+D = $(patsubst %/,%,$(patsubst %\,%,$(dir $+)))
# makefile (from 'Makefile', line 1)
MAKEFILE_LIST := Makefile
# automatic
@F = $(notdir $@)
# environment
VSCODE_VERBOSE_LOGGING = true
# environment
VSCODE_PID = 8588
# automatic
?D = $(patsubst %/,%,$(patsubst %\,%,$(dir $?)))
# automatic
*F = $(notdir $*)
# automatic
<D = $(patsubst %/,%,$(patsubst %\,%,$(dir $<)))
# environment
AZURE_SUBSCRIPTION_ID2 = 7a06e974-7329-4485-87e7-3211b06c15aa
# environment
VSCODE_NLS_CONFIG = {"locale":"en-us","availableLanguages":{},"_languagePackSupport":true}
# default
MAKE_HOST := Windows32
# environment
PROGRAMDATA = C:\ProgramData
# default
SHELL := sh.exe
# environment
AZURE_SUBSCRIPTION_ID3 = aeb5b02a-0f18-45a4-86d6-81808115cacf
# environment
HOMEPATH = \Users\poojaghatge
# default
MAKECMDGOALS := all
# environment
DRIVERDATA = C:\Windows\System32\Drivers\DriverData
# environment
COMSPEC = C:\Windows\system32\cmd.exe
# environment
WINDIR = C:\Windows
# environment
MAKELEVEL := 0
# default
MAKE = $(MAKE_COMMAND)
# environment
PATH = C:\Program Files (x86)\Microsoft SDKs\Azure\CLI2\wbin;C:\Windows\system32;C:\Windows;C:\Windows\System32\Wbem;C:\Windows\System32\WindowsPowerShell\v1.0\;C:\Windows\System32\OpenSSH\;C:\Program Files\Git\cmd;C:\Program Files\dotnet\;C:\Program Files\Microsoft SQL Server\130\Tools\Binn\;C:\Program Files\Microsoft\Web Platform Installer\;C:\Program Files\Microsoft Service Fabric\bin\Fabric\Fabric.Code;C:\Program Files\Microsoft SDKs\Service Fabric\Tools\ServiceFabricLocalClusterManager;C:\HashiCorp\Vagrant\bin;C:\Program Files\PuTTY\;C:\Program Files\nodejs\;C:\ProgramData\chocolatey\bin;C:\Program Files\Microsoft SQL Server\150\Tools\Binn\;C:\Program Files\Microsoft SQL Server\Client SDK\ODBC\170\Tools\Binn\;C:\Program Files\PowerShell\7\;C:\Users\poojaghatge\AppData\Local\Microsoft\WindowsApps;;C:\Users\poojaghatge\AppData\Local\Programs\Microsoft VS Code\bin;C:\Users\poojaghatge\.dotnet\tools;C:\Program Files\JetBrains\IntelliJ IDEA Community Edition 2022.1.3\bin;;C:\Users\poojaghatge\AppData\Roaming\npm
# environment
ZES_ENABLE_SYSMAN = 1
# environment
COMPUTERNAME = DESKTOP-V7DDQC9
# default
MAKEFILES := 
# automatic
^F = $(notdir $^)
# environment
PROMPT = $P$G
# makefile (from 'Makefile', line 2)
DISPLAY_RESET := "\033[0;0m"
# environment
CHOCOLATEYLASTPATHUPDATE = 133020495999740580
# environment
LOGONSERVER = \\DESKTOP-V7DDQC9
# environment
VSCODE_LOG_NATIVE = false
# environment
USERNAME = poojaghatge
# environment
COMMONPROGRAMFILES = C:\Program Files (x86)\Common Files
# automatic
?F = $(notdir $?)
# environment
PROGRAMW6432 = C:\Program Files
# environment
PATHEXT = .COM;.EXE;.BAT;.CMD;.VBS;.VBE;.JS;.JSE;.WSF;.WSH;.MSC
# automatic
+F = $(notdir $+)
# environment
ORIGINAL_XDG_CURRENT_DESKTOP = undefined
# environment
USERDOMAIN = REDMOND
# 'override' directive
GNUMAKEFLAGS := 
# environment
OS = Windows_NT
# makefile
.DEFAULT_GOAL := setup
# makefile (from 'Makefile', line 1)
DISPLAY_BOLD := "\033[01m"
# default
MAKE_VERSION := 4.3
# 'override' directive
.SHELLSTATUS := 127
# environment
PROGRAMFILES(X86) = C:\Program Files (x86)
# environment
UATDATA = C:\Windows\CCM\UATData\D9F8C395-CAB8-491d-B8AC-179A1FE1BE77
# environment
USERDOMAIN_ROAMINGPROFILE = REDMOND
# environment
NUMBER_OF_PROCESSORS = 20
# environment
PUBLIC = C:\Users\Public
# environment
APPDATA = C:\Users\poojaghatge\AppData\Roaming
# environment
HOMEDRIVE = C:
# environment
PROCESSOR_ARCHITECTURE = x86
# makefile (from 'Makefile', line 3)
HOST_OS := 
# makefile (from 'Makefile', line 5)
SUBSCRIPTION_ID := 8897e8a2-84e5-44d7-915d-60188052a731
# environment
VSCODE_AMD_ENTRYPOINT = vs/workbench/api/node/extensionHostProcess
# environment
COMMONPROGRAMFILES(X86) = C:\Program Files (x86)\Common Files
# environment
ELECTRON_RUN_AS_NODE = 1
# environment
TEMP = C:\Users\POOJAG~1\AppData\Local\Temp
# environment
VSCODE_IPC_HOOK = \\.\pipe\efcc250523c4187e7cf723bc2f6e5336-1.68.1-main-sock
# default
.RECIPEPREFIX := 
# automatic
<F = $(notdir $<)
# default
SUFFIXES := 
# environment
ALLUSERSPROFILE = C:\ProgramData
# environment
SESSIONNAME = Console
# default
.FEATURES := target-specific order-only second-expansion else-if shortest-stem undefine oneshell nocomment grouped-target extra-prereqs archives jobserver output-sync load
# environment
PROCESSOR_REVISION = a505
# environment
PROCESSOR_IDENTIFIER = Intel64 Family 6 Model 165 Stepping 5, GenuineIntel
# variable set hash-table stats:
# Load=114/1024=11%, Rehash=0, Collisions=10/146=7%

# Pattern-specific Variable Values

# No pattern-specific variable values.

# Directories

# . (key d:/jammy, mtime 1661381060): 16 files, no impossibilities.

# 16 files, no impossibilities in 1 directories.

# Implicit Rules

# No implicit rules.

# Files

setup:
#  Implicit rule search has not been done.
#  Modification time never checked.
#  File has not been updated.
#  recipe to execute (from 'Makefile', line 10):
	pip3 install  --trusted-host pypi.org --trusted-host files.pythonhosted.org -r requirements.txt --upgrade \
	cd lib && pip3 install --user -e .

# Not a target:
Makefile:
#  Implicit rule search has been done.
#  Last modified 2022-08-25 11:09:55
#  File has been updated.
#  Successfully updated.

auth-and-test:
#  Implicit rule search has not been done.
#  Modification time never checked.
#  File has not been updated.
#  recipe to execute (from 'Makefile', line 21):
	armclient.exe login
	@echo $(DISPLAY_BOLD)"==> Running Firewall Policy tests"$(DISPLAY_RESET)
	python -m pytest --html=jammy_fwmtest_report.html --self-contained-html --capture=sys -rF tests/firewall_policy/firewall_policy_test.py \
	       	--resourceGroup test01RG --subscriptionId $(SUBSCRIPTION_ID) \
		--location westus

setup-windows:
#  Implicit rule search has not been done.
#  Modification time never checked.
#  File has not been updated.
#  recipe to execute (from 'Makefile', line 14):
	pip3 install  --trusted-host pypi.org --trusted-host files.pythonhosted.org -r requirements.txt --upgrade \
	&& cd lib && pip3 install -e .

# Not a target:
.DEFAULT:
#  Implicit rule search has not been done.
#  Modification time never checked.
#  File has not been updated.

# Not a target:
all:
#  Command line target.
#  Implicit rule search has been done.
#  File does not exist.
#  File has not been updated.

test-fw-ipg-multiple-clients:
#  Implicit rule search has not been done.
#  Modification time never checked.
#  File has not been updated.
#  recipe to execute (from 'Makefile', line 45):
	@echo $(DISPLAY_BOLD)"==> Running Firewall Policy IP Group tests"$(DISPLAY_RESET)
	@echo $(SUBSCRIPTION_ID)"==> id1"
	@echo $(SUBSCRIPTION_ID2)"==> id2"
	@echo $(SUBSCRIPTION_ID3)"==> id3"
	python -m pytest --html=jammy_fwmtest_report.html --self-contained-html --capture=sys -rF tests/firewall_policy/firewall_policy_test.py -k test_create_delete_vnet_fw_with_ipg_multiple_subscriptions \
	       	--resourceGroup poojaTestfwIPGLimit --subscriptionId $(SUBSCRIPTION_ID) --subscriptionIds $(SUBSCRIPTION_ID) $(SUBSCRIPTION_ID2) $(SUBSCRIPTION_ID3) --numrcg 1 --numrc 1  --numrules 3 \
		--location eastus

test:
#  Implicit rule search has not been done.
#  Modification time never checked.
#  File has not been updated.
#  recipe to execute (from 'Makefile', line 27):
	@echo $(DISPLAY_BOLD)"==> Running Firewall Policy tests"$(DISPLAY_RESET)
	python -m pytest --html=jammy_fwmtest_report.html --self-contained-html --capture=sys -rF tests/firewall_policy/firewall_policy_test.py \
	       	--resourceGroup test01RG --subscriptionId $(SUBSCRIPTION_ID) \
		--location westus

install:
#  Implicit rule search has not been done.
#  Modification time never checked.
#  File has not been updated.
#  recipe to execute (from 'Makefile', line 18):
	cd lib && pip3 install --user -e .

test-fw-ipg:
#  Implicit rule search has not been done.
#  Modification time never checked.
#  File has not been updated.
#  recipe to execute (from 'Makefile', line 39):
	@echo $(DISPLAY_BOLD)"==> Running Firewall Policy IP Group tests"$(DISPLAY_RESET)
	python -m pytest --html=jammy_fwmtest_report.html --self-contained-html --capture=sys -rF tests/firewall_policy/firewall_policy_test.py -k test_create_delete_vnet_fw_with_ipg \
	       	--resourceGroup testfwIPG --subscriptionId $(SUBSCRIPTION_ID)  --numrcg 5 --numrc 2  --numrules 2 \
		--location eastus2euap

test-vwan:
#  Implicit rule search has not been done.
#  Modification time never checked.
#  File has not been updated.
#  recipe to execute (from 'Makefile', line 33):
	@echo $(DISPLAY_BOLD)"==> Running virtual WAN tests"$(DISPLAY_RESET)
	python -m pytest --html=jammy_vwantest_report.html --self-contained-html --capture=sys -rF tests/virtualWan/virtual_wan_test.py \
	       	--resourceGroup testWan01RG --subscriptionId $(SUBSCRIPTION_ID) \
		--location westus

# files hash-table stats:
# Load=12/1024=1%, Rehash=0, Collisions=0/22=0%
# VPATH Search Paths

# No 'vpath' search paths.

# No general ('VPATH' variable) search path.

# strcache buffers: 1 (0) / strings = 27 / storage = 283 B / avg = 10 B
# current buf: size = 8174 B / used = 283 B / count = 27 / avg = 10 B

# strcache performance: lookups = 39 / hit rate = 30%
# hash-table stats:
# Load=27/8192=0%, Rehash=0, Collisions=0/39=0%
# Finished Make data base on Thu Aug 25 16:10:22 2022

 
